-outxml
-source
1.6
-target
1.6
-classpath
/Users/hamlid1/.m2/repository/antlr/antlr/2.7.6/antlr-2.7.6.jar:/Users/hamlid1/.m2/repository/aopalliance/aopalliance/1.0/aopalliance-1.0.jar:/Users/hamlid1/.m2/repository/c3p0/c3p0/0.9.1/c3p0-0.9.1.jar:/Users/hamlid1/.m2/repository/cglib/cglib-nodep/2.2/cglib-nodep-2.2.jar:/Users/hamlid1/.m2/repository/commons-collections/commons-collections/3.1/commons-collections-3.1.jar:/Users/hamlid1/.m2/repository/commons-fileupload/commons-fileupload/1.2.2/commons-fileupload-1.2.2.jar:/Users/hamlid1/.m2/repository/commons-io/commons-io/2.0.1/commons-io-2.0.1.jar:/Users/hamlid1/.m2/repository/dom4j/dom4j/1.6.1/dom4j-1.6.1.jar:/Users/hamlid1/.m2/repository/javassist/javassist/3.12.1.GA/javassist-3.12.1.GA.jar:/Users/hamlid1/.m2/repository/javax/inject/javax.inject/1/javax.inject-1.jar:/Users/hamlid1/.m2/repository/javax/servlet/jstl/1.2/jstl-1.2.jar:/Users/hamlid1/.m2/repository/javax/servlet/servlet-api/2.5/servlet-api-2.5.jar:/Users/hamlid1/.m2/repository/javax/servlet/jsp/jsp-api/2.1/jsp-api-2.1.jar:/Users/hamlid1/.m2/repository/javax/transaction/jta/1.1/jta-1.1.jar:/Users/hamlid1/.m2/repository/mysql/mysql-connector-java/5.1.15/mysql-connector-java-5.1.15.jar:/Users/hamlid1/.m2/repository/org/aspectj/aspectjrt/1.6.9/aspectjrt-1.6.9.jar:/Users/hamlid1/.m2/repository/org/aspectj/aspectjweaver/1.6.8/aspectjweaver-1.6.8.jar:/Users/hamlid1/.m2/repository/org/hibernate/hibernate-c3p0/3.6.1.Final/hibernate-c3p0-3.6.1.Final.jar:/Users/hamlid1/.m2/repository/org/hibernate/hibernate-commons-annotations/3.2.0.Final/hibernate-commons-annotations-3.2.0.Final.jar:/Users/hamlid1/.m2/repository/org/hibernate/hibernate-core/3.6.1.Final/hibernate-core-3.6.1.Final.jar:/Users/hamlid1/.m2/repository/org/hibernate/javax/persistence/hibernate-jpa-2.0-api/1.0.0.Final/hibernate-jpa-2.0-api-1.0.0.Final.jar:/Users/hamlid1/.m2/repository/org/slf4j/slf4j-api/1.5.10/slf4j-api-1.5.10.jar:/Users/hamlid1/.m2/repository/org/springframework/spring-aop/3.0.5.RELEASE/spring-aop-3.0.5.RELEASE.jar:/Users/hamlid1/.m2/repository/org/springframework/spring-asm/3.0.5.RELEASE/spring-asm-3.0.5.RELEASE.jar:/Users/hamlid1/.m2/repository/org/springframework/spring-beans/3.0.5.RELEASE/spring-beans-3.0.5.RELEASE.jar:/Users/hamlid1/.m2/repository/org/springframework/spring-context/3.0.5.RELEASE/spring-context-3.0.5.RELEASE.jar:/Users/hamlid1/.m2/repository/org/springframework/spring-context-support/3.0.5.RELEASE/spring-context-support-3.0.5.RELEASE.jar:/Users/hamlid1/.m2/repository/org/springframework/spring-core/3.0.5.RELEASE/spring-core-3.0.5.RELEASE.jar:/Users/hamlid1/.m2/repository/org/springframework/spring-expression/3.0.5.RELEASE/spring-expression-3.0.5.RELEASE.jar:/Users/hamlid1/.m2/repository/org/springframework/spring-jdbc/3.0.5.RELEASE/spring-jdbc-3.0.5.RELEASE.jar:/Users/hamlid1/.m2/repository/org/springframework/spring-orm/3.0.5.RELEASE/spring-orm-3.0.5.RELEASE.jar:/Users/hamlid1/.m2/repository/org/springframework/spring-oxm/3.0.5.RELEASE/spring-oxm-3.0.5.RELEASE.jar:/Users/hamlid1/.m2/repository/org/springframework/spring-tx/3.0.5.RELEASE/spring-tx-3.0.5.RELEASE.jar:/Users/hamlid1/.m2/repository/org/springframework/spring-web/3.0.5.RELEASE/spring-web-3.0.5.RELEASE.jar:/Users/hamlid1/.m2/repository/org/springframework/spring-webmvc/3.0.5.RELEASE/spring-webmvc-3.0.5.RELEASE.jar:/Users/hamlid1/.m2/repository/org/springframework/roo/org.springframework.roo.annotations/1.0.2.RELEASE/org.springframework.roo.annotations-1.0.2.RELEASE.jar:/Users/hamlid1/.m2/repository/org/springframework/security/spring-security-acl/3.0.5.RELEASE/spring-security-acl-3.0.5.RELEASE.jar:/Users/hamlid1/.m2/repository/org/springframework/security/spring-security-config/3.0.5.RELEASE/spring-security-config-3.0.5.RELEASE.jar:/Users/hamlid1/.m2/repository/org/springframework/security/spring-security-core/3.0.5.RELEASE/spring-security-core-3.0.5.RELEASE.jar:/Users/hamlid1/.m2/repository/org/springframework/security/spring-security-taglibs/3.0.5.RELEASE/spring-security-taglibs-3.0.5.RELEASE.jar:/Users/hamlid1/.m2/repository/org/springframework/security/spring-security-web/3.0.5.RELEASE/spring-security-web-3.0.5.RELEASE.jar:/Users/hamlid1/Documents/Spring/AuctionHouse/target/classes
-d
/Users/hamlid1/Documents/Spring/AuctionHouse/target/classes
/Users/hamlid1/Documents/Spring/AuctionHouse/src/main/java/org/cs300/auctionhouse/controllers/ControlPanelController.java
/Users/hamlid1/Documents/Spring/AuctionHouse/src/main/java/org/cs300/auctionhouse/validators/AuctionValidator.java
/Users/hamlid1/Documents/Spring/AuctionHouse/src/main/java/org/cs300/auctionhouse/controllers/ImageController.java
/Users/hamlid1/Documents/Spring/AuctionHouse/src/main/java/org/cs300/auctionhouse/domain/Feedback.java
/Users/hamlid1/Documents/Spring/AuctionHouse/src/main/java/org/cs300/auctionhouse/domain/User.java
/Users/hamlid1/Documents/Spring/AuctionHouse/src/main/java/org/cs300/auctionhouse/validators/FeedbackValidator.java
/Users/hamlid1/Documents/Spring/AuctionHouse/src/main/java/org/cs300/auctionhouse/controllers/UserController.java
/Users/hamlid1/Documents/Spring/AuctionHouse/src/main/java/org/cs300/auctionhouse/ui/AuctionFileData.java
/Users/hamlid1/Documents/Spring/AuctionHouse/src/main/java/org/cs300/auctionhouse/security/UserAssembler.java
/Users/hamlid1/Documents/Spring/AuctionHouse/src/main/java/org/cs300/auctionhouse/controllers/HomeController.java
/Users/hamlid1/Documents/Spring/AuctionHouse/src/main/java/org/cs300/auctionhouse/ui/UserPersonalInfo.java
/Users/hamlid1/Documents/Spring/AuctionHouse/src/main/java/org/cs300/auctionhouse/services/Services.java
/Users/hamlid1/Documents/Spring/AuctionHouse/src/main/java/org/cs300/auctionhouse/security/UserDetailsServiceImpl.java
/Users/hamlid1/Documents/Spring/AuctionHouse/src/main/java/org/cs300/auctionhouse/domain/Bid.java
/Users/hamlid1/Documents/Spring/AuctionHouse/src/main/java/org/cs300/auctionhouse/domain/Category.java
/Users/hamlid1/Documents/Spring/AuctionHouse/src/main/java/org/cs300/auctionhouse/domain/Authority.java
/Users/hamlid1/Documents/Spring/AuctionHouse/src/main/java/org/cs300/auctionhouse/validators/BidValidator.java
/Users/hamlid1/Documents/Spring/AuctionHouse/src/main/java/org/cs300/auctionhouse/controllers/AuctionController.java
/Users/hamlid1/Documents/Spring/AuctionHouse/src/main/java/org/cs300/auctionhouse/domain/Auction.java
/Users/hamlid1/Documents/Spring/AuctionHouse/src/main/java/org/cs300/auctionhouse/domain/PersonalInfo.java
/Users/hamlid1/Documents/Spring/AuctionHouse/src/main/java/org/cs300/auctionhouse/validators/UserValidator.java
